[2025-04-23 07:44:57] Colissimo_2_1_9_Install.INFO: Table services created. [] []
[2025-04-23 07:44:58] Colissimo_2_1_9_Install.INFO: Table order created. [] []
[2025-04-23 07:44:58] Colissimo_2_1_9_Install.INFO: Table label created. [] []
[2025-04-23 07:44:58] Colissimo_2_1_9_Install.INFO: Table label_product created. [] []
[2025-04-23 07:44:58] Colissimo_2_1_9_Install.INFO: Table deposit_slip created. [] []
[2025-04-23 07:44:58] Colissimo_2_1_9_Install.INFO: Table pickup_point created. [] []
[2025-04-23 07:44:58] Colissimo_2_1_9_Install.INFO: Table cart_pickup_point created. [] []
[2025-04-23 07:44:58] Colissimo_2_1_9_Install.INFO: Table shipment_tracking created. [] []
[2025-04-23 07:44:58] Colissimo_2_1_9_Install.INFO: Table tracking_code created. [] []
[2025-04-23 07:44:58] Colissimo_2_1_9_Install.INFO: Table mailbox_return created. [] []
[2025-04-23 07:44:58] Colissimo_2_1_9_Install.INFO: Table custom_category created. [] []
[2025-04-23 07:44:58] Colissimo_2_1_9_Install.INFO: Table custom_product created. [] []
[2025-04-23 07:44:58] Colissimo_2_1_9_Install.INFO: Table custom_document created. [] []
[2025-04-23 07:44:58] Colissimo_2_1_9_Install.INFO: Table address created. [] []
[2025-04-23 07:44:58] Colissimo_2_1_9_Install.INFO: Creating carrier SANS_SIGNATURE [] []
[2025-04-23 07:44:58] Colissimo_2_1_9_Install.INFO: Creating carrier AVEC_SIGNATURE [] []
[2025-04-23 07:44:58] Colissimo_2_1_9_Install.INFO: Creating carrier RELAIS [] []
[2025-04-23 07:44:59] Colissimo_2_1_9_Install.INFO: Creating carrier ECO_OUTRE_MER [] []
[2025-04-23 07:44:59] Colissimo_2_1_9_Install.INFO: Services from CSV {"csv":{"SANS_SIGNATURE":[{"product_code":"DOM","commercial_name":"FR - DOMICILE sans signature","destination_type":"FRANCE","is_signature":"0","is_pickup":"0","is_return":"0"},{"product_code":"COM","commercial_name":"OM - DOMICILE sans signature","destination_type":"OM","is_signature":"0","is_pickup":"0","is_return":"0"},{"product_code":"DOM","commercial_name":"EU - DOMICILE sans signature","destination_type":"EUROPE","is_signature":"0","is_pickup":"0","is_return":"0"},{"product_code":"COLD","commercial_name":"DOM - DOMICILE sans signature","destination_type":"INTRA_DOM","is_signature":"0","is_pickup":"0","is_return":"0"}],"AVEC_SIGNATURE":[{"product_code":"DOS","commercial_name":"FR - DOMICILE avec signature","destination_type":"FRANCE","is_signature":"1","is_pickup":"0","is_return":"0"},{"product_code":"CDS","commercial_name":"OM - DOMICILE avec signature","destination_type":"OM","is_signature":"1","is_pickup":"0","is_return":"0"},{"product_code":"DOS","commercial_name":"EU - DOMICILE avec signature","destination_type":"EUROPE","is_signature":"1","is_pickup":"0","is_return":"0"},{"product_code":"DOS","commercial_name":"INT - DOMICILE avec signature","destination_type":"WORLDWIDE","is_signature":"1","is_pickup":"0","is_return":"0"},{"product_code":"COL","commercial_name":"DOM - DOMICILE avec signature","destination_type":"INTRA_DOM","is_signature":"1","is_pickup":"0","is_return":"0"}],"RELAIS":[{"product_code":"BPR","commercial_name":"FR - POINT RETRAIT","destination_type":"FRANCE","is_signature":"0","is_pickup":"1","is_return":"0"},{"product_code":"A2P","commercial_name":"FR - POINT RETRAIT","destination_type":"FRANCE","is_signature":"0","is_pickup":"1","is_return":"0"},{"product_code":"BDP","commercial_name":"EU - POINT RETRAIT","destination_type":"EUROPE","is_signature":"0","is_pickup":"1","is_return":"0"},{"product_code":"CMT","commercial_name":"EU - POINT RETRAIT","destination_type":"EUROPE","is_signature":"0","is_pickup":"1","is_return":"0"},{"product_code":"PCS","commercial_name":"EU - POINT RETRAIT","destination_type":"EUROPE","is_signature":"0","is_pickup":"1","is_return":"0"}],"RETOUR":[{"product_code":"CORE","commercial_name":"RETOUR FRANCE","destination_type":"FRANCE","is_signature":"0","is_pickup":"0","is_return":"1"},{"product_code":"CORI","commercial_name":"RETOUR OUTRE MER","destination_type":"OM","is_signature":"0","is_pickup":"0","is_return":"1"},{"product_code":"CORI","commercial_name":"RETOUR INTERNATIONAL","destination_type":"WORLDWIDE","is_signature":"0","is_pickup":"0","is_return":"1"}],"ECO_OUTRE_MER":[{"product_code":"ECO","commercial_name":"OM - ECO OUTRE MER","destination_type":"OM","is_signature":"0","is_pickup":"0","is_return":"0"}]}} []
[2025-04-23 07:44:59] Colissimo_2_1_9_Install.INFO: Saved service SANS_SIGNATURE: 1 [] []
[2025-04-23 07:44:59] Colissimo_2_1_9_Install.INFO: Saved service SANS_SIGNATURE: 2 [] []
[2025-04-23 07:44:59] Colissimo_2_1_9_Install.INFO: Saved service SANS_SIGNATURE: 3 [] []
[2025-04-23 07:44:59] Colissimo_2_1_9_Install.INFO: Saved service SANS_SIGNATURE: 4 [] []
[2025-04-23 07:44:59] Colissimo_2_1_9_Install.INFO: Saved service AVEC_SIGNATURE: 5 [] []
[2025-04-23 07:44:59] Colissimo_2_1_9_Install.INFO: Saved service AVEC_SIGNATURE: 6 [] []
[2025-04-23 07:44:59] Colissimo_2_1_9_Install.INFO: Saved service AVEC_SIGNATURE: 7 [] []
[2025-04-23 07:44:59] Colissimo_2_1_9_Install.INFO: Saved service AVEC_SIGNATURE: 8 [] []
[2025-04-23 07:44:59] Colissimo_2_1_9_Install.INFO: Saved service AVEC_SIGNATURE: 9 [] []
[2025-04-23 07:44:59] Colissimo_2_1_9_Install.INFO: Saved service RELAIS: 10 [] []
[2025-04-23 07:44:59] Colissimo_2_1_9_Install.INFO: Saved service RELAIS: 11 [] []
[2025-04-23 07:44:59] Colissimo_2_1_9_Install.INFO: Saved service RELAIS: 12 [] []
[2025-04-23 07:44:59] Colissimo_2_1_9_Install.INFO: Saved service RELAIS: 13 [] []
[2025-04-23 07:44:59] Colissimo_2_1_9_Install.INFO: Saved service RELAIS: 14 [] []
[2025-04-23 07:44:59] Colissimo_2_1_9_Install.INFO: Saved service RETOUR: 15 [] []
[2025-04-23 07:44:59] Colissimo_2_1_9_Install.INFO: Saved service RETOUR: 16 [] []
[2025-04-23 07:44:59] Colissimo_2_1_9_Install.INFO: Saved service RETOUR: 17 [] []
[2025-04-23 07:44:59] Colissimo_2_1_9_Install.INFO: Saved service ECO_OUTRE_MER: 18 [] []
[2025-04-23 07:44:59] Colissimo_2_1_9_Install.INFO: Tracking codes created. 0 errors thrown. [] []
[2025-04-23 07:44:59] Colissimo_2_1_9_Install.INFO: Set Default Configuration [] []
